<?xml version="1.0" encoding="UTF-8"?>
<!-- Generated by org.testng.reporters.JUnitXMLReporter -->
<testsuite hostname="Dell" ignored="0" name="FBLoginAndRestAPIDemo" tests="3" failures="0" timestamp="08 Oct 2020 11:02:05 GMT" time="38.596" errors="0">
  <testcase name="scenario1Test" time="16.657" classname="com.demo.tests.Scenario1Test"/>
  <testcase name="inavalidApiKeyDemoTest" time="1.775" classname="com.demo.tests.Scenario3Test"/>
  <testcase name="regStationAPITest" time="2.571" classname="com.demo.tests.Scenario3Test"/>
</testsuite> <!-- FBLoginAndRestAPIDemo -->
